{"/home/anduril/Documents/gfn-electron/scripts/rpc.js": {"path":"/home/anduril/Documents/gfn-electron/scripts/rpc.js","statementMap":{"0":{"start":{"line":1,"column":14},"end":{"line":1,"column":30}},"1":{"start":{"line":2,"column":16},"end":{"line":2,"column":34}},"2":{"start":{"line":3,"column":11},"end":{"line":3,"column":24}},"3":{"start":{"line":4,"column":13},"end":{"line":4,"column":28}},"4":{"start":{"line":7,"column":16},"end":{"line":7,"column":18}},"5":{"start":{"line":8,"column":20},"end":{"line":8,"column":25}},"6":{"start":{"line":10,"column":21},"end":{"line":10,"column":45}},"7":{"start":{"line":12,"column":20},"end":{"line":12,"column":21}},"8":{"start":{"line":13,"column":27},"end":{"line":13,"column":30}},"9":{"start":{"line":16,"column":14},"end":{"line":16,"column":42}},"10":{"start":{"line":19,"column":2},"end":{"line":19,"column":42}},"11":{"start":{"line":19,"column":35},"end":{"line":19,"column":42}},"12":{"start":{"line":20,"column":2},"end":{"line":20,"column":26}},"13":{"start":{"line":24,"column":2},"end":{"line":33,"column":3}},"14":{"start":{"line":25,"column":20},"end":{"line":25,"column":39}},"15":{"start":{"line":26,"column":22},"end":{"line":26,"column":75}},"16":{"start":{"line":27,"column":4},"end":{"line":27,"column":64}},"17":{"start":{"line":28,"column":4},"end":{"line":28,"column":21}},"18":{"start":{"line":30,"column":22},"end":{"line":30,"column":67}},"19":{"start":{"line":31,"column":4},"end":{"line":31,"column":60}},"20":{"start":{"line":32,"column":4},"end":{"line":32,"column":21}},"21":{"start":{"line":36,"column":19},"end":{"line":36,"column":37}},"22":{"start":{"line":39,"column":2},"end":{"line":39,"column":28}},"23":{"start":{"line":39,"column":21},"end":{"line":39,"column":28}},"24":{"start":{"line":41,"column":2},"end":{"line":46,"column":3}},"25":{"start":{"line":42,"column":4},"end":{"line":42,"column":77}},"26":{"start":{"line":43,"column":4},"end":{"line":43,"column":25}},"27":{"start":{"line":44,"column":4},"end":{"line":44,"column":18}},"28":{"start":{"line":45,"column":4},"end":{"line":45,"column":11}},"29":{"start":{"line":48,"column":2},"end":{"line":58,"column":3}},"30":{"start":{"line":49,"column":24},"end":{"line":49,"column":52}},"31":{"start":{"line":50,"column":4},"end":{"line":55,"column":5}},"32":{"start":{"line":51,"column":6},"end":{"line":51,"column":70}},"33":{"start":{"line":52,"column":6},"end":{"line":52,"column":27}},"34":{"start":{"line":53,"column":6},"end":{"line":53,"column":20}},"35":{"start":{"line":54,"column":6},"end":{"line":54,"column":13}},"36":{"start":{"line":59,"column":2},"end":{"line":85,"column":3}},"37":{"start":{"line":60,"column":4},"end":{"line":81,"column":5}},"38":{"start":{"line":61,"column":19},"end":{"line":61,"column":54}},"39":{"start":{"line":62,"column":6},"end":{"line":62,"column":35}},"40":{"start":{"line":63,"column":6},"end":{"line":63,"column":75}},"41":{"start":{"line":66,"column":23},"end":{"line":66,"column":69}},"42":{"start":{"line":67,"column":6},"end":{"line":80,"column":7}},"43":{"start":{"line":68,"column":8},"end":{"line":79,"column":9}},"44":{"start":{"line":69,"column":31},"end":{"line":69,"column":64}},"45":{"start":{"line":70,"column":25},"end":{"line":70,"column":49}},"46":{"start":{"line":71,"column":10},"end":{"line":71,"column":48}},"47":{"start":{"line":72,"column":10},"end":{"line":72,"column":95}},"48":{"start":{"line":74,"column":10},"end":{"line":78,"column":12}},"49":{"start":{"line":83,"column":4},"end":{"line":83,"column":57}},"50":{"start":{"line":84,"column":4},"end":{"line":84,"column":19}},"51":{"start":{"line":87,"column":2},"end":{"line":156,"column":3}},"52":{"start":{"line":89,"column":22},"end":{"line":89,"column":24}},"53":{"start":{"line":90,"column":4},"end":{"line":94,"column":5}},"54":{"start":{"line":91,"column":6},"end":{"line":91,"column":55}},"55":{"start":{"line":96,"column":6},"end":{"line":96,"column":93}},"56":{"start":{"line":97,"column":4},"end":{"line":103,"column":5}},"57":{"start":{"line":98,"column":6},"end":{"line":101,"column":8}},"58":{"start":{"line":102,"column":6},"end":{"line":102,"column":78}},"59":{"start":{"line":104,"column":4},"end":{"line":155,"column":5}},"60":{"start":{"line":106,"column":8},"end":{"line":136,"column":9}},"61":{"start":{"line":107,"column":10},"end":{"line":107,"column":73}},"62":{"start":{"line":108,"column":10},"end":{"line":108,"column":24}},"63":{"start":{"line":112,"column":28},"end":{"line":112,"column":32}},"64":{"start":{"line":113,"column":10},"end":{"line":133,"column":11}},"65":{"start":{"line":114,"column":12},"end":{"line":130,"column":13}},"66":{"start":{"line":115,"column":26},"end":{"line":115,"column":66}},"67":{"start":{"line":116,"column":33},"end":{"line":116,"column":35}},"68":{"start":{"line":117,"column":14},"end":{"line":117,"column":82}},"69":{"start":{"line":117,"column":32},"end":{"line":117,"column":82}},"70":{"start":{"line":118,"column":14},"end":{"line":118,"column":52}},"71":{"start":{"line":119,"column":29},"end":{"line":125,"column":16}},"72":{"start":{"line":120,"column":16},"end":{"line":124,"column":17}},"73":{"start":{"line":121,"column":18},"end":{"line":121,"column":42}},"74":{"start":{"line":123,"column":18},"end":{"line":123,"column":31}},"75":{"start":{"line":126,"column":14},"end":{"line":129,"column":15}},"76":{"start":{"line":127,"column":16},"end":{"line":127,"column":109}},"77":{"start":{"line":128,"column":16},"end":{"line":128,"column":36}},"78":{"start":{"line":132,"column":12},"end":{"line":132,"column":94}},"79":{"start":{"line":135,"column":10},"end":{"line":135,"column":79}},"80":{"start":{"line":135,"column":27},"end":{"line":135,"column":79}},"81":{"start":{"line":137,"column":6},"end":{"line":137,"column":53}},"82":{"start":{"line":139,"column":6},"end":{"line":151,"column":7}},"83":{"start":{"line":140,"column":8},"end":{"line":144,"column":9}},"84":{"start":{"line":141,"column":10},"end":{"line":143,"column":12}},"85":{"start":{"line":142,"column":12},"end":{"line":142,"column":92}},"86":{"start":{"line":146,"column":8},"end":{"line":150,"column":10}},"87":{"start":{"line":153,"column":6},"end":{"line":153,"column":74}},"88":{"start":{"line":154,"column":6},"end":{"line":154,"column":20}},"89":{"start":{"line":157,"column":2},"end":{"line":157,"column":23}},"90":{"start":{"line":161,"column":2},"end":{"line":166,"column":3}},"91":{"start":{"line":162,"column":4},"end":{"line":162,"column":69}},"92":{"start":{"line":163,"column":4},"end":{"line":163,"column":50}},"93":{"start":{"line":165,"column":4},"end":{"line":165,"column":51}},"94":{"start":{"line":170,"column":2},"end":{"line":170,"column":36}},"95":{"start":{"line":170,"column":23},"end":{"line":170,"column":36}},"96":{"start":{"line":171,"column":2},"end":{"line":171,"column":53}},"97":{"start":{"line":175,"column":2},"end":{"line":180,"column":12}},"98":{"start":{"line":184,"column":2},"end":{"line":192,"column":3}},"99":{"start":{"line":185,"column":4},"end":{"line":185,"column":38}},"100":{"start":{"line":187,"column":4},"end":{"line":187,"column":42}},"101":{"start":{"line":187,"column":32},"end":{"line":187,"column":42}},"102":{"start":{"line":188,"column":20},"end":{"line":188,"column":61}},"103":{"start":{"line":189,"column":4},"end":{"line":189,"column":86}},"104":{"start":{"line":190,"column":4},"end":{"line":190,"column":51}},"105":{"start":{"line":190,"column":27},"end":{"line":190,"column":49}},"106":{"start":{"line":191,"column":4},"end":{"line":191,"column":54}},"107":{"start":{"line":197,"column":2},"end":{"line":197,"column":24}},"108":{"start":{"line":201,"column":2},"end":{"line":201,"column":19}},"109":{"start":{"line":205,"column":2},"end":{"line":285,"column":3}},"110":{"start":{"line":207,"column":19},"end":{"line":207,"column":38}},"111":{"start":{"line":208,"column":4},"end":{"line":217,"column":5}},"112":{"start":{"line":209,"column":6},"end":{"line":212,"column":7}},"113":{"start":{"line":210,"column":8},"end":{"line":210,"column":86}},"114":{"start":{"line":211,"column":8},"end":{"line":211,"column":25}},"115":{"start":{"line":213,"column":11},"end":{"line":217,"column":5}},"116":{"start":{"line":215,"column":6},"end":{"line":215,"column":78}},"117":{"start":{"line":216,"column":6},"end":{"line":216,"column":20}},"118":{"start":{"line":219,"column":16},"end":{"line":221,"column":21}},"119":{"start":{"line":222,"column":4},"end":{"line":222,"column":55}},"120":{"start":{"line":224,"column":17},"end":{"line":227,"column":6}},"121":{"start":{"line":229,"column":14},"end":{"line":229,"column":37}},"122":{"start":{"line":230,"column":20},"end":{"line":230,"column":22}},"123":{"start":{"line":232,"column":4},"end":{"line":237,"column":7}},"124":{"start":{"line":233,"column":20},"end":{"line":233,"column":52}},"125":{"start":{"line":234,"column":27},"end":{"line":234,"column":52}},"126":{"start":{"line":235,"column":20},"end":{"line":235,"column":46}},"127":{"start":{"line":236,"column":6},"end":{"line":236,"column":57}},"128":{"start":{"line":236,"column":26},"end":{"line":236,"column":57}},"129":{"start":{"line":239,"column":4},"end":{"line":239,"column":58}},"130":{"start":{"line":240,"column":4},"end":{"line":240,"column":42}},"131":{"start":{"line":240,"column":30},"end":{"line":240,"column":42}},"132":{"start":{"line":242,"column":15},"end":{"line":242,"column":19}},"133":{"start":{"line":243,"column":20},"end":{"line":243,"column":21}},"134":{"start":{"line":244,"column":29},"end":{"line":244,"column":52}},"135":{"start":{"line":246,"column":4},"end":{"line":263,"column":5}},"136":{"start":{"line":247,"column":18},"end":{"line":247,"column":19}},"137":{"start":{"line":248,"column":30},"end":{"line":248,"column":57}},"138":{"start":{"line":249,"column":6},"end":{"line":257,"column":7}},"139":{"start":{"line":249,"column":48},"end":{"line":249,"column":60}},"140":{"start":{"line":250,"column":11},"end":{"line":257,"column":7}},"141":{"start":{"line":250,"column":59},"end":{"line":250,"column":70}},"142":{"start":{"line":251,"column":11},"end":{"line":257,"column":7}},"143":{"start":{"line":251,"column":59},"end":{"line":251,"column":70}},"144":{"start":{"line":253,"column":28},"end":{"line":253,"column":83}},"145":{"start":{"line":253,"column":70},"end":{"line":253,"column":82}},"146":{"start":{"line":254,"column":27},"end":{"line":254,"column":81}},"147":{"start":{"line":254,"column":68},"end":{"line":254,"column":80}},"148":{"start":{"line":255,"column":28},"end":{"line":255,"column":75}},"149":{"start":{"line":255,"column":52},"end":{"line":255,"column":74}},"150":{"start":{"line":256,"column":8},"end":{"line":256,"column":91}},"151":{"start":{"line":256,"column":36},"end":{"line":256,"column":91}},"152":{"start":{"line":258,"column":6},"end":{"line":258,"column":70}},"153":{"start":{"line":259,"column":6},"end":{"line":262,"column":7}},"154":{"start":{"line":260,"column":8},"end":{"line":260,"column":22}},"155":{"start":{"line":261,"column":8},"end":{"line":261,"column":26}},"156":{"start":{"line":265,"column":4},"end":{"line":275,"column":5}},"157":{"start":{"line":266,"column":6},"end":{"line":271,"column":8}},"158":{"start":{"line":272,"column":6},"end":{"line":272,"column":63}},"159":{"start":{"line":273,"column":6},"end":{"line":273,"column":22}},"160":{"start":{"line":274,"column":6},"end":{"line":274,"column":24}},"161":{"start":{"line":277,"column":4},"end":{"line":280,"column":6}},"162":{"start":{"line":281,"column":4},"end":{"line":281,"column":16}},"163":{"start":{"line":283,"column":4},"end":{"line":283,"column":72}},"164":{"start":{"line":284,"column":4},"end":{"line":284,"column":16}},"165":{"start":{"line":289,"column":2},"end":{"line":289,"column":63}},"166":{"start":{"line":289,"column":51},"end":{"line":289,"column":63}},"167":{"start":{"line":290,"column":2},"end":{"line":290,"column":65}},"168":{"start":{"line":294,"column":2},"end":{"line":297,"column":3}},"169":{"start":{"line":295,"column":4},"end":{"line":295,"column":64}},"170":{"start":{"line":296,"column":4},"end":{"line":296,"column":11}},"171":{"start":{"line":299,"column":2},"end":{"line":299,"column":18}},"172":{"start":{"line":301,"column":2},"end":{"line":301,"column":45}},"173":{"start":{"line":302,"column":2},"end":{"line":302,"column":49}},"174":{"start":{"line":304,"column":19},"end":{"line":304,"column":41}},"175":{"start":{"line":305,"column":2},"end":{"line":305,"column":52}},"176":{"start":{"line":307,"column":18},"end":{"line":307,"column":58}},"177":{"start":{"line":308,"column":16},"end":{"line":308,"column":20}},"178":{"start":{"line":310,"column":2},"end":{"line":317,"column":3}},"179":{"start":{"line":311,"column":4},"end":{"line":316,"column":5}},"180":{"start":{"line":312,"column":6},"end":{"line":312,"column":36}},"181":{"start":{"line":313,"column":6},"end":{"line":313,"column":56}},"182":{"start":{"line":315,"column":6},"end":{"line":315,"column":46}},"183":{"start":{"line":320,"column":2},"end":{"line":323,"column":3}},"184":{"start":{"line":321,"column":4},"end":{"line":321,"column":81}},"185":{"start":{"line":322,"column":4},"end":{"line":322,"column":11}},"186":{"start":{"line":325,"column":2},"end":{"line":345,"column":3}},"187":{"start":{"line":326,"column":25},"end":{"line":331,"column":5}},"188":{"start":{"line":333,"column":4},"end":{"line":341,"column":5}},"189":{"start":{"line":334,"column":6},"end":{"line":334,"column":43}},"190":{"start":{"line":335,"column":6},"end":{"line":335,"column":42}},"191":{"start":{"line":336,"column":6},"end":{"line":336,"column":85}},"192":{"start":{"line":338,"column":6},"end":{"line":338,"column":44}},"193":{"start":{"line":339,"column":6},"end":{"line":339,"column":42}},"194":{"start":{"line":340,"column":6},"end":{"line":340,"column":61}},"195":{"start":{"line":343,"column":4},"end":{"line":343,"column":60}},"196":{"start":{"line":344,"column":4},"end":{"line":344,"column":37}},"197":{"start":{"line":348,"column":0},"end":{"line":348,"column":151}}},"fnMap":{"0":{"name":"log","decl":{"start":{"line":18,"column":9},"end":{"line":18,"column":12}},"loc":{"start":{"line":18,"column":29},"end":{"line":21,"column":1}},"line":18},"1":{"name":"getCacheFilePath","decl":{"start":{"line":23,"column":9},"end":{"line":23,"column":25}},"loc":{"start":{"line":23,"column":28},"end":{"line":34,"column":1}},"line":23},"2":{"name":"initializeRPC","decl":{"start":{"line":38,"column":9},"end":{"line":38,"column":22}},"loc":{"start":{"line":38,"column":25},"end":{"line":158,"column":1}},"line":38},"3":{"name":"(anonymous_3)","decl":{"start":{"line":119,"column":45},"end":{"line":119,"column":46}},"loc":{"start":{"line":119,"column":50},"end":{"line":125,"column":15}},"line":119},"4":{"name":"(anonymous_4)","decl":{"start":{"line":141,"column":29},"end":{"line":141,"column":30}},"loc":{"start":{"line":142,"column":12},"end":{"line":142,"column":92}},"line":142},"5":{"name":"saveGameCache","decl":{"start":{"line":160,"column":9},"end":{"line":160,"column":22}},"loc":{"start":{"line":160,"column":25},"end":{"line":167,"column":1}},"line":160},"6":{"name":"isCacheEntryValid","decl":{"start":{"line":169,"column":9},"end":{"line":169,"column":26}},"loc":{"start":{"line":169,"column":43},"end":{"line":172,"column":1}},"line":169},"7":{"name":"normalizeText","decl":{"start":{"line":174,"column":9},"end":{"line":174,"column":22}},"loc":{"start":{"line":174,"column":29},"end":{"line":181,"column":1}},"line":174},"8":{"name":"requestWithBackoff","decl":{"start":{"line":183,"column":15},"end":{"line":183,"column":33}},"loc":{"start":{"line":183,"column":63},"end":{"line":193,"column":1}},"line":183},"9":{"name":"(anonymous_9)","decl":{"start":{"line":190,"column":22},"end":{"line":190,"column":23}},"loc":{"start":{"line":190,"column":27},"end":{"line":190,"column":49}},"line":190},"10":{"name":"_setGameCache","decl":{"start":{"line":196,"column":9},"end":{"line":196,"column":22}},"loc":{"start":{"line":196,"column":28},"end":{"line":198,"column":1}},"line":196},"11":{"name":"_getGameCache","decl":{"start":{"line":200,"column":9},"end":{"line":200,"column":22}},"loc":{"start":{"line":200,"column":25},"end":{"line":202,"column":1}},"line":200},"12":{"name":"getSteamAppId","decl":{"start":{"line":204,"column":15},"end":{"line":204,"column":28}},"loc":{"start":{"line":204,"column":39},"end":{"line":286,"column":1}},"line":204},"13":{"name":"(anonymous_13)","decl":{"start":{"line":232,"column":31},"end":{"line":232,"column":32}},"loc":{"start":{"line":232,"column":47},"end":{"line":237,"column":5}},"line":232},"14":{"name":"(anonymous_14)","decl":{"start":{"line":253,"column":65},"end":{"line":253,"column":66}},"loc":{"start":{"line":253,"column":70},"end":{"line":253,"column":82}},"line":253},"15":{"name":"(anonymous_15)","decl":{"start":{"line":254,"column":63},"end":{"line":254,"column":64}},"loc":{"start":{"line":254,"column":68},"end":{"line":254,"column":80}},"line":254},"16":{"name":"(anonymous_16)","decl":{"start":{"line":255,"column":47},"end":{"line":255,"column":48}},"loc":{"start":{"line":255,"column":52},"end":{"line":255,"column":74}},"line":255},"17":{"name":"extractGameName","decl":{"start":{"line":288,"column":9},"end":{"line":288,"column":24}},"loc":{"start":{"line":288,"column":32},"end":{"line":291,"column":1}},"line":288},"18":{"name":"DiscordRPC","decl":{"start":{"line":293,"column":15},"end":{"line":293,"column":25}},"loc":{"start":{"line":293,"column":33},"end":{"line":346,"column":1}},"line":293}},"branchMap":{"0":{"loc":{"start":{"line":19,"column":2},"end":{"line":19,"column":42}},"type":"if","locations":[{"start":{"line":19,"column":2},"end":{"line":19,"column":42}},{"start":{},"end":{}}],"line":19},"1":{"loc":{"start":{"line":19,"column":6},"end":{"line":19,"column":33}},"type":"binary-expr","locations":[{"start":{"line":19,"column":6},"end":{"line":19,"column":23}},{"start":{"line":19,"column":27},"end":{"line":19,"column":33}}],"line":19},"2":{"loc":{"start":{"line":39,"column":2},"end":{"line":39,"column":28}},"type":"if","locations":[{"start":{"line":39,"column":2},"end":{"line":39,"column":28}},{"start":{},"end":{}}],"line":39},"3":{"loc":{"start":{"line":41,"column":2},"end":{"line":46,"column":3}},"type":"if","locations":[{"start":{"line":41,"column":2},"end":{"line":46,"column":3}},{"start":{},"end":{}}],"line":41},"4":{"loc":{"start":{"line":41,"column":6},"end":{"line":41,"column":75}},"type":"binary-expr","locations":[{"start":{"line":41,"column":6},"end":{"line":41,"column":40}},{"start":{"line":41,"column":44},"end":{"line":41,"column":75}}],"line":41},"5":{"loc":{"start":{"line":50,"column":4},"end":{"line":55,"column":5}},"type":"if","locations":[{"start":{"line":50,"column":4},"end":{"line":55,"column":5}},{"start":{},"end":{}}],"line":50},"6":{"loc":{"start":{"line":50,"column":8},"end":{"line":50,"column":46}},"type":"binary-expr","locations":[{"start":{"line":50,"column":8},"end":{"line":50,"column":19}},{"start":{"line":50,"column":23},"end":{"line":50,"column":46}}],"line":50},"7":{"loc":{"start":{"line":60,"column":4},"end":{"line":81,"column":5}},"type":"if","locations":[{"start":{"line":60,"column":4},"end":{"line":81,"column":5}},{"start":{"line":64,"column":11},"end":{"line":81,"column":5}}],"line":60},"8":{"loc":{"start":{"line":67,"column":6},"end":{"line":80,"column":7}},"type":"if","locations":[{"start":{"line":67,"column":6},"end":{"line":80,"column":7}},{"start":{},"end":{}}],"line":67},"9":{"loc":{"start":{"line":77,"column":12},"end":{"line":77,"column":50}},"type":"cond-expr","locations":[{"start":{"line":77,"column":33},"end":{"line":77,"column":44}},{"start":{"line":77,"column":47},"end":{"line":77,"column":50}}],"line":77},"10":{"loc":{"start":{"line":77,"column":12},"end":{"line":77,"column":30}},"type":"binary-expr","locations":[{"start":{"line":77,"column":12},"end":{"line":77,"column":15}},{"start":{"line":77,"column":19},"end":{"line":77,"column":30}}],"line":77},"11":{"loc":{"start":{"line":87,"column":2},"end":{"line":156,"column":3}},"type":"if","locations":[{"start":{"line":87,"column":2},"end":{"line":156,"column":3}},{"start":{},"end":{}}],"line":87},"12":{"loc":{"start":{"line":91,"column":20},"end":{"line":91,"column":54}},"type":"binary-expr","locations":[{"start":{"line":91,"column":20},"end":{"line":91,"column":48}},{"start":{"line":91,"column":52},"end":{"line":91,"column":54}}],"line":91},"13":{"loc":{"start":{"line":96,"column":6},"end":{"line":96,"column":93}},"type":"binary-expr","locations":[{"start":{"line":96,"column":6},"end":{"line":96,"column":35}},{"start":{"line":96,"column":39},"end":{"line":96,"column":68}},{"start":{"line":96,"column":72},"end":{"line":96,"column":93}}],"line":96},"14":{"loc":{"start":{"line":97,"column":4},"end":{"line":103,"column":5}},"type":"if","locations":[{"start":{"line":97,"column":4},"end":{"line":103,"column":5}},{"start":{},"end":{}}],"line":97},"15":{"loc":{"start":{"line":106,"column":8},"end":{"line":136,"column":9}},"type":"if","locations":[{"start":{"line":106,"column":8},"end":{"line":136,"column":9}},{"start":{"line":109,"column":15},"end":{"line":136,"column":9}}],"line":106},"16":{"loc":{"start":{"line":114,"column":12},"end":{"line":130,"column":13}},"type":"if","locations":[{"start":{"line":114,"column":12},"end":{"line":130,"column":13}},{"start":{},"end":{}}],"line":114},"17":{"loc":{"start":{"line":115,"column":26},"end":{"line":115,"column":66}},"type":"cond-expr","locations":[{"start":{"line":115,"column":43},"end":{"line":115,"column":59}},{"start":{"line":115,"column":62},"end":{"line":115,"column":66}}],"line":115},"18":{"loc":{"start":{"line":117,"column":14},"end":{"line":117,"column":82}},"type":"if","locations":[{"start":{"line":117,"column":14},"end":{"line":117,"column":82}},{"start":{},"end":{}}],"line":117},"19":{"loc":{"start":{"line":126,"column":14},"end":{"line":129,"column":15}},"type":"if","locations":[{"start":{"line":126,"column":14},"end":{"line":129,"column":15}},{"start":{},"end":{}}],"line":126},"20":{"loc":{"start":{"line":132,"column":62},"end":{"line":132,"column":92}},"type":"cond-expr","locations":[{"start":{"line":132,"column":79},"end":{"line":132,"column":88}},{"start":{"line":132,"column":91},"end":{"line":132,"column":92}}],"line":132},"21":{"loc":{"start":{"line":132,"column":62},"end":{"line":132,"column":76}},"type":"binary-expr","locations":[{"start":{"line":132,"column":62},"end":{"line":132,"column":63}},{"start":{"line":132,"column":67},"end":{"line":132,"column":76}}],"line":132},"22":{"loc":{"start":{"line":135,"column":10},"end":{"line":135,"column":79}},"type":"if","locations":[{"start":{"line":135,"column":10},"end":{"line":135,"column":79}},{"start":{},"end":{}}],"line":135},"23":{"loc":{"start":{"line":140,"column":8},"end":{"line":144,"column":9}},"type":"if","locations":[{"start":{"line":140,"column":8},"end":{"line":144,"column":9}},{"start":{},"end":{}}],"line":140},"24":{"loc":{"start":{"line":140,"column":12},"end":{"line":140,"column":53}},"type":"binary-expr","locations":[{"start":{"line":140,"column":12},"end":{"line":140,"column":18}},{"start":{"line":140,"column":22},"end":{"line":140,"column":53}}],"line":140},"25":{"loc":{"start":{"line":142,"column":53},"end":{"line":142,"column":91}},"type":"cond-expr","locations":[{"start":{"line":142,"column":74},"end":{"line":142,"column":85}},{"start":{"line":142,"column":88},"end":{"line":142,"column":91}}],"line":142},"26":{"loc":{"start":{"line":142,"column":53},"end":{"line":142,"column":71}},"type":"binary-expr","locations":[{"start":{"line":142,"column":53},"end":{"line":142,"column":56}},{"start":{"line":142,"column":60},"end":{"line":142,"column":71}}],"line":142},"27":{"loc":{"start":{"line":149,"column":10},"end":{"line":149,"column":40}},"type":"cond-expr","locations":[{"start":{"line":149,"column":27},"end":{"line":149,"column":36}},{"start":{"line":149,"column":39},"end":{"line":149,"column":40}}],"line":149},"28":{"loc":{"start":{"line":149,"column":10},"end":{"line":149,"column":24}},"type":"binary-expr","locations":[{"start":{"line":149,"column":10},"end":{"line":149,"column":11}},{"start":{"line":149,"column":15},"end":{"line":149,"column":24}}],"line":149},"29":{"loc":{"start":{"line":170,"column":2},"end":{"line":170,"column":36}},"type":"if","locations":[{"start":{"line":170,"column":2},"end":{"line":170,"column":36}},{"start":{},"end":{}}],"line":170},"30":{"loc":{"start":{"line":183,"column":39},"end":{"line":183,"column":48}},"type":"default-arg","locations":[{"start":{"line":183,"column":46},"end":{"line":183,"column":48}}],"line":183},"31":{"loc":{"start":{"line":183,"column":50},"end":{"line":183,"column":61}},"type":"default-arg","locations":[{"start":{"line":183,"column":60},"end":{"line":183,"column":61}}],"line":183},"32":{"loc":{"start":{"line":187,"column":4},"end":{"line":187,"column":42}},"type":"if","locations":[{"start":{"line":187,"column":4},"end":{"line":187,"column":42}},{"start":{},"end":{}}],"line":187},"33":{"loc":{"start":{"line":197,"column":14},"end":{"line":197,"column":23}},"type":"binary-expr","locations":[{"start":{"line":197,"column":14},"end":{"line":197,"column":17}},{"start":{"line":197,"column":21},"end":{"line":197,"column":23}}],"line":197},"34":{"loc":{"start":{"line":208,"column":4},"end":{"line":217,"column":5}},"type":"if","locations":[{"start":{"line":208,"column":4},"end":{"line":217,"column":5}},{"start":{"line":213,"column":11},"end":{"line":217,"column":5}}],"line":208},"35":{"loc":{"start":{"line":208,"column":8},"end":{"line":208,"column":44}},"type":"binary-expr","locations":[{"start":{"line":208,"column":8},"end":{"line":208,"column":14}},{"start":{"line":208,"column":18},"end":{"line":208,"column":44}}],"line":208},"36":{"loc":{"start":{"line":209,"column":6},"end":{"line":212,"column":7}},"type":"if","locations":[{"start":{"line":209,"column":6},"end":{"line":212,"column":7}},{"start":{},"end":{}}],"line":209},"37":{"loc":{"start":{"line":213,"column":11},"end":{"line":217,"column":5}},"type":"if","locations":[{"start":{"line":213,"column":11},"end":{"line":217,"column":5}},{"start":{},"end":{}}],"line":213},"38":{"loc":{"start":{"line":213,"column":15},"end":{"line":213,"column":51}},"type":"binary-expr","locations":[{"start":{"line":213,"column":15},"end":{"line":213,"column":21}},{"start":{"line":213,"column":25},"end":{"line":213,"column":51}}],"line":213},"39":{"loc":{"start":{"line":236,"column":6},"end":{"line":236,"column":57}},"type":"if","locations":[{"start":{"line":236,"column":6},"end":{"line":236,"column":57}},{"start":{},"end":{}}],"line":236},"40":{"loc":{"start":{"line":236,"column":10},"end":{"line":236,"column":24}},"type":"binary-expr","locations":[{"start":{"line":236,"column":10},"end":{"line":236,"column":15}},{"start":{"line":236,"column":19},"end":{"line":236,"column":24}}],"line":236},"41":{"loc":{"start":{"line":240,"column":4},"end":{"line":240,"column":42}},"type":"if","locations":[{"start":{"line":240,"column":4},"end":{"line":240,"column":42}},{"start":{},"end":{}}],"line":240},"42":{"loc":{"start":{"line":249,"column":6},"end":{"line":257,"column":7}},"type":"if","locations":[{"start":{"line":249,"column":6},"end":{"line":257,"column":7}},{"start":{"line":250,"column":11},"end":{"line":257,"column":7}}],"line":249},"43":{"loc":{"start":{"line":250,"column":11},"end":{"line":257,"column":7}},"type":"if","locations":[{"start":{"line":250,"column":11},"end":{"line":257,"column":7}},{"start":{"line":251,"column":11},"end":{"line":257,"column":7}}],"line":250},"44":{"loc":{"start":{"line":251,"column":11},"end":{"line":257,"column":7}},"type":"if","locations":[{"start":{"line":251,"column":11},"end":{"line":257,"column":7}},{"start":{"line":252,"column":11},"end":{"line":257,"column":7}}],"line":251},"45":{"loc":{"start":{"line":256,"column":8},"end":{"line":256,"column":91}},"type":"if","locations":[{"start":{"line":256,"column":8},"end":{"line":256,"column":91}},{"start":{},"end":{}}],"line":256},"46":{"loc":{"start":{"line":259,"column":6},"end":{"line":262,"column":7}},"type":"if","locations":[{"start":{"line":259,"column":6},"end":{"line":262,"column":7}},{"start":{},"end":{}}],"line":259},"47":{"loc":{"start":{"line":265,"column":4},"end":{"line":275,"column":5}},"type":"if","locations":[{"start":{"line":265,"column":4},"end":{"line":275,"column":5}},{"start":{},"end":{}}],"line":265},"48":{"loc":{"start":{"line":265,"column":8},"end":{"line":265,"column":31}},"type":"binary-expr","locations":[{"start":{"line":265,"column":8},"end":{"line":265,"column":12}},{"start":{"line":265,"column":16},"end":{"line":265,"column":31}}],"line":265},"49":{"loc":{"start":{"line":283,"column":40},"end":{"line":283,"column":70}},"type":"cond-expr","locations":[{"start":{"line":283,"column":57},"end":{"line":283,"column":66}},{"start":{"line":283,"column":69},"end":{"line":283,"column":70}}],"line":283},"50":{"loc":{"start":{"line":283,"column":40},"end":{"line":283,"column":54}},"type":"binary-expr","locations":[{"start":{"line":283,"column":40},"end":{"line":283,"column":41}},{"start":{"line":283,"column":45},"end":{"line":283,"column":54}}],"line":283},"51":{"loc":{"start":{"line":289,"column":2},"end":{"line":289,"column":63}},"type":"if","locations":[{"start":{"line":289,"column":2},"end":{"line":289,"column":63}},{"start":{},"end":{}}],"line":289},"52":{"loc":{"start":{"line":289,"column":6},"end":{"line":289,"column":49}},"type":"binary-expr","locations":[{"start":{"line":289,"column":6},"end":{"line":289,"column":12}},{"start":{"line":289,"column":16},"end":{"line":289,"column":49}}],"line":289},"53":{"loc":{"start":{"line":290,"column":9},"end":{"line":290,"column":64}},"type":"binary-expr","locations":[{"start":{"line":290,"column":9},"end":{"line":290,"column":56}},{"start":{"line":290,"column":60},"end":{"line":290,"column":64}}],"line":290},"54":{"loc":{"start":{"line":294,"column":2},"end":{"line":297,"column":3}},"type":"if","locations":[{"start":{"line":294,"column":2},"end":{"line":297,"column":3}},{"start":{},"end":{}}],"line":294},"55":{"loc":{"start":{"line":307,"column":18},"end":{"line":307,"column":58}},"type":"cond-expr","locations":[{"start":{"line":307,"column":29},"end":{"line":307,"column":34}},{"start":{"line":307,"column":37},"end":{"line":307,"column":58}}],"line":307},"56":{"loc":{"start":{"line":310,"column":2},"end":{"line":317,"column":3}},"type":"if","locations":[{"start":{"line":310,"column":2},"end":{"line":317,"column":3}},{"start":{},"end":{}}],"line":310},"57":{"loc":{"start":{"line":311,"column":4},"end":{"line":316,"column":5}},"type":"if","locations":[{"start":{"line":311,"column":4},"end":{"line":316,"column":5}},{"start":{"line":314,"column":11},"end":{"line":316,"column":5}}],"line":311},"58":{"loc":{"start":{"line":320,"column":2},"end":{"line":323,"column":3}},"type":"if","locations":[{"start":{"line":320,"column":2},"end":{"line":323,"column":3}},{"start":{},"end":{}}],"line":320},"59":{"loc":{"start":{"line":333,"column":4},"end":{"line":341,"column":5}},"type":"if","locations":[{"start":{"line":333,"column":4},"end":{"line":341,"column":5}},{"start":{"line":337,"column":11},"end":{"line":341,"column":5}}],"line":333},"60":{"loc":{"start":{"line":333,"column":8},"end":{"line":333,"column":44}},"type":"binary-expr","locations":[{"start":{"line":333,"column":8},"end":{"line":333,"column":15}},{"start":{"line":333,"column":19},"end":{"line":333,"column":44}}],"line":333}},"s":{"0":3,"1":3,"2":3,"3":3,"4":3,"5":3,"6":3,"7":3,"8":3,"9":3,"10":18,"11":15,"12":3,"13":3,"14":3,"15":3,"16":0,"17":0,"18":3,"19":3,"20":3,"21":3,"22":2,"23":1,"24":1,"25":1,"26":1,"27":1,"28":1,"29":0,"30":0,"31":0,"32":0,"33":0,"34":0,"35":0,"36":0,"37":0,"38":0,"39":0,"40":0,"41":0,"42":0,"43":0,"44":0,"45":0,"46":0,"47":0,"48":0,"49":0,"50":0,"51":0,"52":0,"53":0,"54":0,"55":0,"56":0,"57":0,"58":0,"59":0,"60":0,"61":0,"62":0,"63":0,"64":0,"65":0,"66":0,"67":0,"68":0,"69":0,"70":0,"71":0,"72":0,"73":0,"74":0,"75":0,"76":0,"77":0,"78":0,"79":0,"80":0,"81":0,"82":0,"83":0,"84":0,"85":0,"86":0,"87":0,"88":0,"89":0,"90":2,"91":2,"92":2,"93":0,"94":1,"95":0,"96":1,"97":5,"98":5,"99":5,"100":2,"101":0,"102":2,"103":2,"104":2,"105":2,"106":2,"107":6,"108":1,"109":3,"110":3,"111":3,"112":1,"113":0,"114":0,"115":2,"116":1,"117":1,"118":2,"119":2,"120":2,"121":2,"122":2,"123":2,"124":3,"125":3,"126":3,"127":3,"128":3,"129":2,"130":2,"131":0,"132":2,"133":2,"134":2,"135":2,"136":3,"137":3,"138":3,"139":2,"140":1,"141":0,"142":1,"143":0,"144":1,"145":2,"146":1,"147":2,"148":1,"149":2,"150":1,"151":1,"152":3,"153":3,"154":2,"155":2,"156":2,"157":2,"158":2,"159":2,"160":2,"161":0,"162":0,"163":0,"164":0,"165":0,"166":0,"167":0,"168":0,"169":0,"170":0,"171":0,"172":0,"173":0,"174":0,"175":0,"176":0,"177":0,"178":0,"179":0,"180":0,"181":0,"182":0,"183":0,"184":0,"185":0,"186":0,"187":0,"188":0,"189":0,"190":0,"191":0,"192":0,"193":0,"194":0,"195":0,"196":0,"197":3},"f":{"0":18,"1":3,"2":2,"3":0,"4":0,"5":2,"6":1,"7":5,"8":5,"9":2,"10":6,"11":1,"12":3,"13":3,"14":2,"15":2,"16":2,"17":0,"18":0},"b":{"0":[15,3],"1":[18,15],"2":[1,1],"3":[1,0],"4":[1,0],"5":[0,0],"6":[0,0],"7":[0,0],"8":[0,0],"9":[0,0],"10":[0,0],"11":[0,0],"12":[0,0],"13":[0,0,0],"14":[0,0],"15":[0,0],"16":[0,0],"17":[0,0],"18":[0,0],"19":[0,0],"20":[0,0],"21":[0,0],"22":[0,0],"23":[0,0],"24":[0,0],"25":[0,0],"26":[0,0],"27":[0,0],"28":[0,0],"29":[0,1],"30":[1],"31":[3],"32":[0,2],"33":[6,0],"34":[1,2],"35":[3,2],"36":[0,1],"37":[1,1],"38":[2,1],"39":[3,0],"40":[3,3],"41":[0,2],"42":[2,1],"43":[0,1],"44":[0,1],"45":[1,0],"46":[2,1],"47":[2,0],"48":[2,2],"49":[0,0],"50":[0,0],"51":[0,0],"52":[0,0],"53":[0,0],"54":[0,0],"55":[0,0],"56":[0,0],"57":[0,0],"58":[0,0],"59":[0,0],"60":[0,0]},"_coverageSchema":"1a1c01bbd47fc00a2c39e90264f33305004495a9","hash":"03c0d3bed89c73526d453cbdd3609b77b93781b2"}
}
