TN:
SF:scripts/rpc.js
FN:18,log
FN:23,getCacheFilePath
FN:38,initializeRPC
FN:119,(anonymous_3)
FN:141,(anonymous_4)
FN:160,saveGameCache
FN:169,isCacheEntryValid
FN:174,normalizeText
FN:183,requestWithBackoff
FN:190,(anonymous_9)
FN:196,_setGameCache
FN:200,_getGameCache
FN:204,getSteamAppId
FN:232,(anonymous_13)
FN:253,(anonymous_14)
FN:254,(anonymous_15)
FN:255,(anonymous_16)
FN:288,extractGameName
FN:293,DiscordRPC
FNF:19
FNH:15
FNDA:18,log
FNDA:3,getCacheFilePath
FNDA:2,initializeRPC
FNDA:0,(anonymous_3)
FNDA:0,(anonymous_4)
FNDA:2,saveGameCache
FNDA:1,isCacheEntryValid
FNDA:5,normalizeText
FNDA:5,requestWithBackoff
FNDA:2,(anonymous_9)
FNDA:6,_setGameCache
FNDA:1,_getGameCache
FNDA:3,getSteamAppId
FNDA:3,(anonymous_13)
FNDA:2,(anonymous_14)
FNDA:2,(anonymous_15)
FNDA:2,(anonymous_16)
FNDA:0,extractGameName
FNDA:0,DiscordRPC
DA:1,3
DA:2,3
DA:3,3
DA:4,3
DA:7,3
DA:8,3
DA:10,3
DA:12,3
DA:13,3
DA:16,3
DA:19,18
DA:20,3
DA:24,3
DA:25,3
DA:26,3
DA:27,0
DA:28,0
DA:30,3
DA:31,3
DA:32,3
DA:36,3
DA:39,2
DA:41,1
DA:42,1
DA:43,1
DA:44,1
DA:45,1
DA:48,0
DA:49,0
DA:50,0
DA:51,0
DA:52,0
DA:53,0
DA:54,0
DA:59,0
DA:60,0
DA:61,0
DA:62,0
DA:63,0
DA:66,0
DA:67,0
DA:68,0
DA:69,0
DA:70,0
DA:71,0
DA:72,0
DA:74,0
DA:83,0
DA:84,0
DA:87,0
DA:89,0
DA:90,0
DA:91,0
DA:96,0
DA:97,0
DA:98,0
DA:102,0
DA:104,0
DA:106,0
DA:107,0
DA:108,0
DA:112,0
DA:113,0
DA:114,0
DA:115,0
DA:116,0
DA:117,0
DA:118,0
DA:119,0
DA:120,0
DA:121,0
DA:123,0
DA:126,0
DA:127,0
DA:128,0
DA:132,0
DA:135,0
DA:137,0
DA:139,0
DA:140,0
DA:141,0
DA:142,0
DA:146,0
DA:153,0
DA:154,0
DA:157,0
DA:161,2
DA:162,2
DA:163,2
DA:165,0
DA:170,1
DA:171,1
DA:175,5
DA:184,5
DA:185,5
DA:187,2
DA:188,2
DA:189,2
DA:190,2
DA:191,2
DA:197,6
DA:201,1
DA:205,3
DA:207,3
DA:208,3
DA:209,1
DA:210,0
DA:211,0
DA:213,2
DA:215,1
DA:216,1
DA:219,2
DA:222,2
DA:224,2
DA:229,2
DA:230,2
DA:232,2
DA:233,3
DA:234,3
DA:235,3
DA:236,3
DA:239,2
DA:240,2
DA:242,2
DA:243,2
DA:244,2
DA:246,2
DA:247,3
DA:248,3
DA:249,3
DA:250,1
DA:251,1
DA:253,2
DA:254,2
DA:255,2
DA:256,1
DA:258,3
DA:259,3
DA:260,2
DA:261,2
DA:265,2
DA:266,2
DA:272,2
DA:273,2
DA:274,2
DA:277,0
DA:281,0
DA:283,0
DA:284,0
DA:289,0
DA:290,0
DA:294,0
DA:295,0
DA:296,0
DA:299,0
DA:301,0
DA:302,0
DA:304,0
DA:305,0
DA:307,0
DA:308,0
DA:310,0
DA:311,0
DA:312,0
DA:313,0
DA:315,0
DA:320,0
DA:321,0
DA:322,0
DA:325,0
DA:326,0
DA:333,0
DA:334,0
DA:335,0
DA:336,0
DA:338,0
DA:339,0
DA:340,0
DA:343,0
DA:344,0
DA:348,3
LF:181
LH:82
BRDA:19,0,0,15
BRDA:19,0,1,3
BRDA:19,1,0,18
BRDA:19,1,1,15
BRDA:39,2,0,1
BRDA:39,2,1,1
BRDA:41,3,0,1
BRDA:41,3,1,0
BRDA:41,4,0,1
BRDA:41,4,1,0
BRDA:50,5,0,0
BRDA:50,5,1,0
BRDA:50,6,0,0
BRDA:50,6,1,0
BRDA:60,7,0,0
BRDA:60,7,1,0
BRDA:67,8,0,0
BRDA:67,8,1,0
BRDA:77,9,0,0
BRDA:77,9,1,0
BRDA:77,10,0,0
BRDA:77,10,1,0
BRDA:87,11,0,0
BRDA:87,11,1,0
BRDA:91,12,0,0
BRDA:91,12,1,0
BRDA:96,13,0,0
BRDA:96,13,1,0
BRDA:96,13,2,0
BRDA:97,14,0,0
BRDA:97,14,1,0
BRDA:106,15,0,0
BRDA:106,15,1,0
BRDA:114,16,0,0
BRDA:114,16,1,0
BRDA:115,17,0,0
BRDA:115,17,1,0
BRDA:117,18,0,0
BRDA:117,18,1,0
BRDA:126,19,0,0
BRDA:126,19,1,0
BRDA:132,20,0,0
BRDA:132,20,1,0
BRDA:132,21,0,0
BRDA:132,21,1,0
BRDA:135,22,0,0
BRDA:135,22,1,0
BRDA:140,23,0,0
BRDA:140,23,1,0
BRDA:140,24,0,0
BRDA:140,24,1,0
BRDA:142,25,0,0
BRDA:142,25,1,0
BRDA:142,26,0,0
BRDA:142,26,1,0
BRDA:149,27,0,0
BRDA:149,27,1,0
BRDA:149,28,0,0
BRDA:149,28,1,0
BRDA:170,29,0,0
BRDA:170,29,1,1
BRDA:183,30,0,1
BRDA:183,31,0,3
BRDA:187,32,0,0
BRDA:187,32,1,2
BRDA:197,33,0,6
BRDA:197,33,1,0
BRDA:208,34,0,1
BRDA:208,34,1,2
BRDA:208,35,0,3
BRDA:208,35,1,2
BRDA:209,36,0,0
BRDA:209,36,1,1
BRDA:213,37,0,1
BRDA:213,37,1,1
BRDA:213,38,0,2
BRDA:213,38,1,1
BRDA:236,39,0,3
BRDA:236,39,1,0
BRDA:236,40,0,3
BRDA:236,40,1,3
BRDA:240,41,0,0
BRDA:240,41,1,2
BRDA:249,42,0,2
BRDA:249,42,1,1
BRDA:250,43,0,0
BRDA:250,43,1,1
BRDA:251,44,0,0
BRDA:251,44,1,1
BRDA:256,45,0,1
BRDA:256,45,1,0
BRDA:259,46,0,2
BRDA:259,46,1,1
BRDA:265,47,0,2
BRDA:265,47,1,0
BRDA:265,48,0,2
BRDA:265,48,1,2
BRDA:283,49,0,0
BRDA:283,49,1,0
BRDA:283,50,0,0
BRDA:283,50,1,0
BRDA:289,51,0,0
BRDA:289,51,1,0
BRDA:289,52,0,0
BRDA:289,52,1,0
BRDA:290,53,0,0
BRDA:290,53,1,0
BRDA:294,54,0,0
BRDA:294,54,1,0
BRDA:307,55,0,0
BRDA:307,55,1,0
BRDA:310,56,0,0
BRDA:310,56,1,0
BRDA:311,57,0,0
BRDA:311,57,1,0
BRDA:320,58,0,0
BRDA:320,58,1,0
BRDA:333,59,0,0
BRDA:333,59,1,0
BRDA:333,60,0,0
BRDA:333,60,1,0
BRF:121
BRH:36
end_of_record
